<?xml version="1.0" encoding="UTF-8"?>
<testng-results ignored="0" total="2" passed="2" failed="0" skipped="0">
  <reporter-output>
  </reporter-output>
  <suite started-at="2024-08-05T13:03:17 IST" name="Default suite" finished-at="2024-08-05T13:03:24 IST" duration-ms="6808">
    <groups>
    </groups>
    <test started-at="2024-08-05T13:03:17 IST" name="Default test" finished-at="2024-08-05T13:03:24 IST" duration-ms="6808">
      <class name="homepagetest.Test_Sc1">
        <test-method is-config="true" signature="Open_Browser()[pri:0, instance:homepagetest.Test_Sc1@1349883]" started-at="2024-08-05T13:03:17 IST" name="Open_Browser" finished-at="2024-08-05T13:03:22 IST" duration-ms="4066" status="PASS">
          <reporter-output>
          </reporter-output>
        </test-method> <!-- Open_Browser -->
        <test-method signature="Revenue_calculator()[pri:0, instance:homepagetest.Test_Sc1@1349883]" started-at="2024-08-05T13:03:22 IST" name="Revenue_calculator" finished-at="2024-08-05T13:03:24 IST" duration-ms="2212" status="PASS">
          <reporter-output>
          </reporter-output>
        </test-method> <!-- Revenue_calculator -->
        <test-method signature="click_checkboxes()[pri:0, instance:homepagetest.Test_Sc1@1349883]" started-at="2024-08-05T13:03:24 IST" name="click_checkboxes" finished-at="2024-08-05T13:03:24 IST" duration-ms="500" status="PASS">
          <reporter-output>
          </reporter-output>
        </test-method> <!-- click_checkboxes -->
      </class> <!-- homepagetest.Test_Sc1 -->
    </test> <!-- Default test -->
  </suite> <!-- Default suite -->
</testng-results>
